<?xml version="1.0" encoding="UTF-8"?>
<!-- Generated by org.testng.reporters.JUnitXMLReporter -->
<testsuite hostname="DESKTOP-9CD1PJA" failures="1" tests="5" name="Command line test" time="31.702" errors="0" timestamp="20 Sep 2022 07:39:06 GMT">
  <testcase classname="org.treebo.practice.MavenPractice2Test" name="step1Test" time="0.016">
    <failure type="java.lang.NullPointerException" message="Cannot invoke &amp;quot;String.hashCode()&amp;quot; because &amp;quot;browser&amp;quot; is null">
      <![CDATA[java.lang.NullPointerException: Cannot invoke "String.hashCode()" because "browser" is null
	at treebo.genericUtility.WebDriverUtility.launchBrowser(WebDriverUtility.java:29)
	at treebo.genericUtility.WebDriverUtility.openBrowserWithApplication(WebDriverUtility.java:70)
	at org.treebo.practice.MavenPractice2Test.step1Test(MavenPractice2Test.java:20)
... Removed 34 stack frames]]>
    </failure>
  </testcase> <!-- step1Test -->
  <testcase classname="org.treebo.practice.TC_3Test" name="tc_3" time="5.005"/>
  <testcase classname="org.treebo.practice.TC_4Test" name="tc_4" time="5.593"/>
  <testcase classname="org.treebo.practice.Tc_AutomateTest" name="tc_automate" time="5.537"/>
  <testcase classname="org.treebo.practice.TestNGPractice1Test" name="step1Test" time="0.0">
    <skipped/>
  </testcase> <!-- step1Test -->
</testsuite> <!-- Command line test -->
