<?xml version="1.0" encoding="UTF-8" ?>
<testsuite tests="5" failures="1" name="TestSuite" time="22.045" errors="0" skipped="1">
  <properties>
[...]
</properties>
  <testcase classname="org.treebo.practice.MavenPractice2Test" name="step1Test" time="0.022">
    <failure message="Cannot invoke &quot;String.hashCode()&quot; because &quot;browser&quot; is null" type="java.lang.NullPointerException">java.lang.NullPointerException: Cannot invoke &quot;String.hashCode()&quot; because &quot;browser&quot; is null
	at treebo.genericUtility.WebDriverUtility.launchBrowser(WebDriverUtility.java:29)
	at treebo.genericUtility.WebDriverUtility.openBrowserWithApplication(WebDriverUtility.java:70)
	at org.treebo.practice.MavenPractice2Test.step1Test(MavenPractice2Test.java:20)
</failure>
    <system-out>Configuring TestNG with: org.apache.maven.surefire.testng.conf.TestNG652Configurator@7f560810
Browser name is =======&gt;&gt;&gt;&gt;&gt;&gt;null
URL is ======&gt;&gt;&gt;&gt;&gt;&gt;&gt;    null
</system-out>
  </testcase>
  <testcase classname="org.treebo.practice.TC_3Test" name="tc_3" time="5.006"/>
  <testcase classname="org.treebo.practice.TC_4Test" name="tc_4" time="5.594"/>
  <testcase classname="org.treebo.practice.Tc_AutomateTest" name="tc_automate" time="5.539"/>
  <testcase classname="org.treebo.practice.TestNGPractice1Test" name="step1Test" time="5.884">
    <skipped/>
  </testcase>
</testsuite>